This is pdfTeX, Version 3.14159265-2.6-1.40.21 (TeX Live 2020) (preloaded format=pdflatex 2020.4.7)  9 JUN 2022 19:52
entering extended mode
 restricted \write18 enabled.
 %&-line parsing enabled.
**song_presentation.tex
(./song_presentation.tex
LaTeX2e <2020-02-02> patch level 5
L3 programming layer <2020-03-06> (/usr/local/texlive/2020/texmf-dist/tex/latex
/beamer/beamer.cls
Document Class: beamer 2019/09/29 v3.57 A class for typesetting presentations
(/usr/local/texlive/2020/texmf-dist/tex/latex/beamer/beamerbasemodes.sty (/usr/
local/texlive/2020/texmf-dist/tex/latex/etoolbox/etoolbox.sty
Package: etoolbox 2019/09/21 v2.5h e-TeX tools for LaTeX (JAW)
\etb@tempcnta=\count167
)
\beamer@tempbox=\box45
\beamer@tempcount=\count168
\c@beamerpauses=\count169
(/usr/local/texlive/2020/texmf-dist/tex/latex/beamer/beamerbasedecode.sty
\beamer@slideinframe=\count170
\beamer@minimum=\count171
\beamer@decode@box=\box46
)
\beamer@commentbox=\box47
\beamer@modecount=\count172
) (/usr/local/texlive/2020/texmf-dist/tex/generic/iftex/ifpdf.sty
Package: ifpdf 2019/10/25 v3.4 ifpdf legacy package. Use iftex instead.
(/usr/local/texlive/2020/texmf-dist/tex/generic/iftex/iftex.sty
Package: iftex 2020/03/06 v1.0d TeX engine tests
))
\headdp=\dimen134
\footheight=\dimen135
\sidebarheight=\dimen136
\beamer@tempdim=\dimen137
\beamer@finalheight=\dimen138
\beamer@animht=\dimen139
\beamer@animdp=\dimen140
\beamer@animwd=\dimen141
\beamer@leftmargin=\dimen142
\beamer@rightmargin=\dimen143
\beamer@leftsidebar=\dimen144
\beamer@rightsidebar=\dimen145
\beamer@boxsize=\dimen146
\beamer@vboxoffset=\dimen147
\beamer@descdefault=\dimen148
\beamer@descriptionwidth=\dimen149
\beamer@lastskip=\skip47
\beamer@areabox=\box48
\beamer@animcurrent=\box49
\beamer@animshowbox=\box50
\beamer@sectionbox=\box51
\beamer@logobox=\box52
\beamer@linebox=\box53
\beamer@sectioncount=\count173
\beamer@subsubsectionmax=\count174
\beamer@subsectionmax=\count175
\beamer@sectionmax=\count176
\beamer@totalheads=\count177
\beamer@headcounter=\count178
\beamer@partstartpage=\count179
\beamer@sectionstartpage=\count180
\beamer@subsectionstartpage=\count181
\beamer@animationtempa=\count182
\beamer@animationtempb=\count183
\beamer@xpos=\count184
\beamer@ypos=\count185
\beamer@ypos@offset=\count186
\beamer@showpartnumber=\count187
\beamer@currentsubsection=\count188
\beamer@coveringdepth=\count189
\beamer@sectionadjust=\count190
\beamer@tocsectionnumber=\count191
(/usr/local/texlive/2020/texmf-dist/tex/latex/beamer/beamerbaseoptions.sty (/us
r/local/texlive/2020/texmf-dist/tex/latex/graphics/keyval.sty
Package: keyval 2014/10/28 v1.15 key=value parser (DPC)
\KV@toks@=\toks15
))
\beamer@paperwidth=\skip48
\beamer@paperheight=\skip49
(/usr/local/texlive/2020/texmf-dist/tex/latex/geometry/geometry.sty
Package: geometry 2020/01/02 v5.9 Page Geometry
(/usr/local/texlive/2020/texmf-dist/tex/generic/iftex/ifvtex.sty
Package: ifvtex 2019/10/25 v1.7 ifvtex legacy package. Use iftex instead.
)
\Gm@cnth=\count192
\Gm@cntv=\count193
\c@Gm@tempcnt=\count194
\Gm@bindingoffset=\dimen150
\Gm@wd@mp=\dimen151
\Gm@odd@mp=\dimen152
\Gm@even@mp=\dimen153
\Gm@layoutwidth=\dimen154
\Gm@layoutheight=\dimen155
\Gm@layouthoffset=\dimen156
\Gm@layoutvoffset=\dimen157
\Gm@dimlist=\toks16
) (/usr/local/texlive/2020/texmf-dist/tex/latex/base/size11.clo
File: size11.clo 2019/12/20 v1.4l Standard LaTeX file (size option)
) (/usr/local/texlive/2020/texmf-dist/tex/latex/pgf/basiclayer/pgfcore.sty (/us
r/local/texlive/2020/texmf-dist/tex/latex/graphics/graphicx.sty
Package: graphicx 2019/11/30 v1.2a Enhanced LaTeX Graphics (DPC,SPQR)
(/usr/local/texlive/2020/texmf-dist/tex/latex/graphics/graphics.sty
Package: graphics 2019/11/30 v1.4a Standard LaTeX Graphics (DPC,SPQR)
(/usr/local/texlive/2020/texmf-dist/tex/latex/graphics/trig.sty
Package: trig 2016/01/03 v1.10 sin cos tan (DPC)
) (/usr/local/texlive/2020/texmf-dist/tex/latex/graphics-cfg/graphics.cfg
File: graphics.cfg 2016/06/04 v1.11 sample graphics configuration
)
Package graphics Info: Driver file: pdftex.def on input line 105.
(/usr/local/texlive/2020/texmf-dist/tex/latex/graphics-def/pdftex.def
File: pdftex.def 2018/01/08 v1.0l Graphics/color driver for pdftex
))
\Gin@req@height=\dimen158
\Gin@req@width=\dimen159
) (/usr/local/texlive/2020/texmf-dist/tex/latex/pgf/systemlayer/pgfsys.sty (/us
r/local/texlive/2020/texmf-dist/tex/latex/pgf/utilities/pgfrcs.sty
(/usr/local/texlive/2020/texmf-dist/tex/generic/pgf/utilities/pgfutil-common.te
x
\pgfutil@everybye=\toks17
\pgfutil@tempdima=\dimen160
\pgfutil@tempdimb=\dimen161

(/usr/local/texlive/2020/texmf-dist/tex/generic/pgf/utilities/pgfutil-common-li
sts.tex))
(/usr/local/texlive/2020/texmf-dist/tex/generic/pgf/utilities/pgfutil-latex.def
\pgfutil@abb=\box54
(/usr/local/texlive/2020/texmf-dist/tex/latex/ms/everyshi.sty
Package: everyshi 2001/05/15 v3.00 EveryShipout Package (MS)
)) (/usr/local/texlive/2020/texmf-dist/tex/generic/pgf/utilities/pgfrcs.code.te
x (/usr/local/texlive/2020/texmf-dist/tex/generic/pgf/pgf.revision.tex)
Package: pgfrcs 2020/01/08 v3.1.5b (3.1.5b)
))
(/usr/local/texlive/2020/texmf-dist/tex/generic/pgf/systemlayer/pgfsys.code.tex
Package: pgfsys 2020/01/08 v3.1.5b (3.1.5b)
(/usr/local/texlive/2020/texmf-dist/tex/generic/pgf/utilities/pgfkeys.code.tex
\pgfkeys@pathtoks=\toks18
\pgfkeys@temptoks=\toks19

(/usr/local/texlive/2020/texmf-dist/tex/generic/pgf/utilities/pgfkeysfiltered.c
ode.tex
\pgfkeys@tmptoks=\toks20
))
\pgf@x=\dimen162
\pgf@y=\dimen163
\pgf@xa=\dimen164
\pgf@ya=\dimen165
\pgf@xb=\dimen166
\pgf@yb=\dimen167
\pgf@xc=\dimen168
\pgf@yc=\dimen169
\pgf@xd=\dimen170
\pgf@yd=\dimen171
\w@pgf@writea=\write3
\r@pgf@reada=\read2
\c@pgf@counta=\count195
\c@pgf@countb=\count196
\c@pgf@countc=\count197
\c@pgf@countd=\count198
\t@pgf@toka=\toks21
\t@pgf@tokb=\toks22
\t@pgf@tokc=\toks23
\pgf@sys@id@count=\count199
(/usr/local/texlive/2020/texmf-dist/tex/generic/pgf/systemlayer/pgf.cfg
File: pgf.cfg 2020/01/08 v3.1.5b (3.1.5b)
)
Driver file for pgf: pgfsys-pdftex.def

(/usr/local/texlive/2020/texmf-dist/tex/generic/pgf/systemlayer/pgfsys-pdftex.d
ef
File: pgfsys-pdftex.def 2020/01/08 v3.1.5b (3.1.5b)

(/usr/local/texlive/2020/texmf-dist/tex/generic/pgf/systemlayer/pgfsys-common-p
df.def
File: pgfsys-common-pdf.def 2020/01/08 v3.1.5b (3.1.5b)
)))
(/usr/local/texlive/2020/texmf-dist/tex/generic/pgf/systemlayer/pgfsyssoftpath.
code.tex
File: pgfsyssoftpath.code.tex 2020/01/08 v3.1.5b (3.1.5b)
\pgfsyssoftpath@smallbuffer@items=\count266
\pgfsyssoftpath@bigbuffer@items=\count267
)
(/usr/local/texlive/2020/texmf-dist/tex/generic/pgf/systemlayer/pgfsysprotocol.
code.tex
File: pgfsysprotocol.code.tex 2020/01/08 v3.1.5b (3.1.5b)
)) (/usr/local/texlive/2020/texmf-dist/tex/latex/xcolor/xcolor.sty
Package: xcolor 2016/05/11 v2.12 LaTeX color extensions (UK)
(/usr/local/texlive/2020/texmf-dist/tex/latex/graphics-cfg/color.cfg
File: color.cfg 2016/01/02 v1.6 sample color configuration
)
Package xcolor Info: Driver file: pdftex.def on input line 225.
Package xcolor Info: Model `cmy' substituted by `cmy0' on input line 1348.
Package xcolor Info: Model `hsb' substituted by `rgb' on input line 1352.
Package xcolor Info: Model `RGB' extended on input line 1364.
Package xcolor Info: Model `HTML' substituted by `rgb' on input line 1366.
Package xcolor Info: Model `Hsb' substituted by `hsb' on input line 1367.
Package xcolor Info: Model `tHsb' substituted by `hsb' on input line 1368.
Package xcolor Info: Model `HSB' substituted by `hsb' on input line 1369.
Package xcolor Info: Model `Gray' substituted by `gray' on input line 1370.
Package xcolor Info: Model `wave' substituted by `hsb' on input line 1371.
(/usr/local/texlive/2020/texmf-dist/tex/latex/graphics/dvipsnam.def
File: dvipsnam.def 2016/06/17 v3.0m Driver-dependent file (DPC,SPQR)
) (/usr/local/texlive/2020/texmf-dist/tex/latex/xcolor/svgnam.def
File: svgnam.def 2016/05/11 v2.12 Predefined colors according to SVG 1.1 (UK)
) (/usr/local/texlive/2020/texmf-dist/tex/latex/xcolor/x11nam.def
File: x11nam.def 2016/05/11 v2.12 Predefined colors according to Unix/X11 (UK)
))
(/usr/local/texlive/2020/texmf-dist/tex/generic/pgf/basiclayer/pgfcore.code.tex
Package: pgfcore 2020/01/08 v3.1.5b (3.1.5b)
(/usr/local/texlive/2020/texmf-dist/tex/generic/pgf/math/pgfmath.code.tex (/usr
/local/texlive/2020/texmf-dist/tex/generic/pgf/math/pgfmathcalc.code.tex (/usr/
local/texlive/2020/texmf-dist/tex/generic/pgf/math/pgfmathutil.code.tex)
(/usr/local/texlive/2020/texmf-dist/tex/generic/pgf/math/pgfmathparser.code.tex
\pgfmath@dimen=\dimen172
\pgfmath@count=\count268
\pgfmath@box=\box55
\pgfmath@toks=\toks24
\pgfmath@stack@operand=\toks25
\pgfmath@stack@operation=\toks26
)
(/usr/local/texlive/2020/texmf-dist/tex/generic/pgf/math/pgfmathfunctions.code.
tex
(/usr/local/texlive/2020/texmf-dist/tex/generic/pgf/math/pgfmathfunctions.basic
.code.tex)
(/usr/local/texlive/2020/texmf-dist/tex/generic/pgf/math/pgfmathfunctions.trigo
nometric.code.tex)
(/usr/local/texlive/2020/texmf-dist/tex/generic/pgf/math/pgfmathfunctions.rando
m.code.tex)
(/usr/local/texlive/2020/texmf-dist/tex/generic/pgf/math/pgfmathfunctions.compa
rison.code.tex)
(/usr/local/texlive/2020/texmf-dist/tex/generic/pgf/math/pgfmathfunctions.base.
code.tex)
(/usr/local/texlive/2020/texmf-dist/tex/generic/pgf/math/pgfmathfunctions.round
.code.tex)
(/usr/local/texlive/2020/texmf-dist/tex/generic/pgf/math/pgfmathfunctions.misc.
code.tex)
(/usr/local/texlive/2020/texmf-dist/tex/generic/pgf/math/pgfmathfunctions.integ
erarithmetics.code.tex))) (/usr/local/texlive/2020/texmf-dist/tex/generic/pgf/m
ath/pgfmathfloat.code.tex
\c@pgfmathroundto@lastzeros=\count269
)) (/usr/local/texlive/2020/texmf-dist/tex/generic/pgf/math/pgfint.code.tex)
(/usr/local/texlive/2020/texmf-dist/tex/generic/pgf/basiclayer/pgfcorepoints.co
de.tex
File: pgfcorepoints.code.tex 2020/01/08 v3.1.5b (3.1.5b)
\pgf@picminx=\dimen173
\pgf@picmaxx=\dimen174
\pgf@picminy=\dimen175
\pgf@picmaxy=\dimen176
\pgf@pathminx=\dimen177
\pgf@pathmaxx=\dimen178
\pgf@pathminy=\dimen179
\pgf@pathmaxy=\dimen180
\pgf@xx=\dimen181
\pgf@xy=\dimen182
\pgf@yx=\dimen183
\pgf@yy=\dimen184
\pgf@zx=\dimen185
\pgf@zy=\dimen186
)
(/usr/local/texlive/2020/texmf-dist/tex/generic/pgf/basiclayer/pgfcorepathconst
ruct.code.tex
File: pgfcorepathconstruct.code.tex 2020/01/08 v3.1.5b (3.1.5b)
\pgf@path@lastx=\dimen187
\pgf@path@lasty=\dimen188
)
(/usr/local/texlive/2020/texmf-dist/tex/generic/pgf/basiclayer/pgfcorepathusage
.code.tex
File: pgfcorepathusage.code.tex 2020/01/08 v3.1.5b (3.1.5b)
\pgf@shorten@end@additional=\dimen189
\pgf@shorten@start@additional=\dimen190
)
(/usr/local/texlive/2020/texmf-dist/tex/generic/pgf/basiclayer/pgfcorescopes.co
de.tex
File: pgfcorescopes.code.tex 2020/01/08 v3.1.5b (3.1.5b)
\pgfpic=\box56
\pgf@hbox=\box57
\pgf@layerbox@main=\box58
\pgf@picture@serial@count=\count270
)
(/usr/local/texlive/2020/texmf-dist/tex/generic/pgf/basiclayer/pgfcoregraphicst
ate.code.tex
File: pgfcoregraphicstate.code.tex 2020/01/08 v3.1.5b (3.1.5b)
\pgflinewidth=\dimen191
)
(/usr/local/texlive/2020/texmf-dist/tex/generic/pgf/basiclayer/pgfcoretransform
ations.code.tex
File: pgfcoretransformations.code.tex 2020/01/08 v3.1.5b (3.1.5b)
\pgf@pt@x=\dimen192
\pgf@pt@y=\dimen193
\pgf@pt@temp=\dimen194
)
(/usr/local/texlive/2020/texmf-dist/tex/generic/pgf/basiclayer/pgfcorequick.cod
e.tex
File: pgfcorequick.code.tex 2020/01/08 v3.1.5b (3.1.5b)
)
(/usr/local/texlive/2020/texmf-dist/tex/generic/pgf/basiclayer/pgfcoreobjects.c
ode.tex
File: pgfcoreobjects.code.tex 2020/01/08 v3.1.5b (3.1.5b)
)
(/usr/local/texlive/2020/texmf-dist/tex/generic/pgf/basiclayer/pgfcorepathproce
ssing.code.tex
File: pgfcorepathprocessing.code.tex 2020/01/08 v3.1.5b (3.1.5b)
)
(/usr/local/texlive/2020/texmf-dist/tex/generic/pgf/basiclayer/pgfcorearrows.co
de.tex
File: pgfcorearrows.code.tex 2020/01/08 v3.1.5b (3.1.5b)
\pgfarrowsep=\dimen195
)
(/usr/local/texlive/2020/texmf-dist/tex/generic/pgf/basiclayer/pgfcoreshade.cod
e.tex
File: pgfcoreshade.code.tex 2020/01/08 v3.1.5b (3.1.5b)
\pgf@max=\dimen196
\pgf@sys@shading@range@num=\count271
\pgf@shadingcount=\count272
)
(/usr/local/texlive/2020/texmf-dist/tex/generic/pgf/basiclayer/pgfcoreimage.cod
e.tex
File: pgfcoreimage.code.tex 2020/01/08 v3.1.5b (3.1.5b)

(/usr/local/texlive/2020/texmf-dist/tex/generic/pgf/basiclayer/pgfcoreexternal.
code.tex
File: pgfcoreexternal.code.tex 2020/01/08 v3.1.5b (3.1.5b)
\pgfexternal@startupbox=\box59
))
(/usr/local/texlive/2020/texmf-dist/tex/generic/pgf/basiclayer/pgfcorelayers.co
de.tex
File: pgfcorelayers.code.tex 2020/01/08 v3.1.5b (3.1.5b)
)
(/usr/local/texlive/2020/texmf-dist/tex/generic/pgf/basiclayer/pgfcoretranspare
ncy.code.tex
File: pgfcoretransparency.code.tex 2020/01/08 v3.1.5b (3.1.5b)
)
(/usr/local/texlive/2020/texmf-dist/tex/generic/pgf/basiclayer/pgfcorepatterns.
code.tex
File: pgfcorepatterns.code.tex 2020/01/08 v3.1.5b (3.1.5b)
)
(/usr/local/texlive/2020/texmf-dist/tex/generic/pgf/basiclayer/pgfcorerdf.code.
tex
File: pgfcorerdf.code.tex 2020/01/08 v3.1.5b (3.1.5b)
))) (/usr/local/texlive/2020/texmf-dist/tex/latex/pgf/utilities/xxcolor.sty
Package: xxcolor 2003/10/24 ver 0.1
\XC@nummixins=\count273
\XC@countmixins=\count274
) (/usr/local/texlive/2020/texmf-dist/tex/generic/atbegshi/atbegshi.sty
Package: atbegshi 2019/12/05 v1.19 At begin shipout hook (HO)
(/usr/local/texlive/2020/texmf-dist/tex/generic/infwarerr/infwarerr.sty
Package: infwarerr 2019/12/03 v1.5 Providing info/warning/error messages (HO)
) (/usr/local/texlive/2020/texmf-dist/tex/generic/ltxcmds/ltxcmds.sty
Package: ltxcmds 2019/12/15 v1.24 LaTeX kernel commands for general use (HO)
)) (/usr/local/texlive/2020/texmf-dist/tex/latex/hyperref/hyperref.sty
Package: hyperref 2020/01/14 v7.00d Hypertext links for LaTeX
(/usr/local/texlive/2020/texmf-dist/tex/latex/pdftexcmds/pdftexcmds.sty
Package: pdftexcmds 2019/11/24 v0.31 Utility functions of pdfTeX for LuaTeX (HO
)
Package pdftexcmds Info: \pdf@primitive is available.
Package pdftexcmds Info: \pdf@ifprimitive is available.
Package pdftexcmds Info: \pdfdraftmode found.
) (/usr/local/texlive/2020/texmf-dist/tex/generic/kvsetkeys/kvsetkeys.sty
Package: kvsetkeys 2019/12/15 v1.18 Key value parser (HO)
) (/usr/local/texlive/2020/texmf-dist/tex/generic/kvdefinekeys/kvdefinekeys.sty
Package: kvdefinekeys 2019-12-19 v1.6 Define keys (HO)
) (/usr/local/texlive/2020/texmf-dist/tex/generic/pdfescape/pdfescape.sty
Package: pdfescape 2019/12/09 v1.15 Implements pdfTeX's escape features (HO)
) (/usr/local/texlive/2020/texmf-dist/tex/latex/hycolor/hycolor.sty
Package: hycolor 2020-01-27 v1.10 Color options for hyperref/bookmark (HO)
) (/usr/local/texlive/2020/texmf-dist/tex/latex/letltxmacro/letltxmacro.sty
Package: letltxmacro 2019/12/03 v1.6 Let assignment for LaTeX macros (HO)
) (/usr/local/texlive/2020/texmf-dist/tex/latex/auxhook/auxhook.sty
Package: auxhook 2019-12-17 v1.6 Hooks for auxiliary files (HO)
) (/usr/local/texlive/2020/texmf-dist/tex/latex/kvoptions/kvoptions.sty
Package: kvoptions 2019/11/29 v3.13 Key value format for package options (HO)
)
\@linkdim=\dimen197
\Hy@linkcounter=\count275
\Hy@pagecounter=\count276
(/usr/local/texlive/2020/texmf-dist/tex/latex/hyperref/pd1enc.def
File: pd1enc.def 2020/01/14 v7.00d Hyperref: PDFDocEncoding definition (HO)
Now handling font encoding PD1 ...
... no UTF-8 mapping file for font encoding PD1
) (/usr/local/texlive/2020/texmf-dist/tex/generic/intcalc/intcalc.sty
Package: intcalc 2019/12/15 v1.3 Expandable calculations with integers (HO)
) (/usr/local/texlive/2020/texmf-dist/tex/generic/etexcmds/etexcmds.sty
Package: etexcmds 2019/12/15 v1.7 Avoid name clashes with e-TeX commands (HO)
)
\Hy@SavedSpaceFactor=\count277
Package hyperref Info: Option `unicode' set `true' on input line 4421.
(/usr/local/texlive/2020/texmf-dist/tex/latex/hyperref/puenc.def
File: puenc.def 2020/01/14 v7.00d Hyperref: PDF Unicode definition (HO)
Now handling font encoding PU ...
... no UTF-8 mapping file for font encoding PU
)
Package hyperref Info: Option `bookmarks' set `true' on input line 4421.
Package hyperref Info: Option `bookmarksopen' set `true' on input line 4421.
Package hyperref Info: Option `implicit' set `false' on input line 4421.
Package hyperref Info: Hyper figures OFF on input line 4547.
Package hyperref Info: Link nesting OFF on input line 4552.
Package hyperref Info: Hyper index ON on input line 4555.
Package hyperref Info: Plain pages OFF on input line 4562.
Package hyperref Info: Backreferencing OFF on input line 4567.
Package hyperref Info: Implicit mode OFF; no redefinition of LaTeX internals.
Package hyperref Info: Bookmarks ON on input line 4800.
\c@Hy@tempcnt=\count278
(/usr/local/texlive/2020/texmf-dist/tex/latex/url/url.sty
\Urlmuskip=\muskip16
Package: url 2013/09/16  ver 3.4  Verb mode for urls, etc.
)
LaTeX Info: Redefining \url on input line 5159.
\XeTeXLinkMargin=\dimen198
(/usr/local/texlive/2020/texmf-dist/tex/generic/bitset/bitset.sty
Package: bitset 2019/12/09 v1.3 Handle bit-vector datatype (HO)
(/usr/local/texlive/2020/texmf-dist/tex/generic/bigintcalc/bigintcalc.sty
Package: bigintcalc 2019/12/15 v1.5 Expandable calculations on big integers (HO
)
))
\Fld@menulength=\count279
\Field@Width=\dimen199
\Fld@charsize=\dimen256
Package hyperref Info: Hyper figures OFF on input line 6430.
Package hyperref Info: Link nesting OFF on input line 6435.
Package hyperref Info: Hyper index ON on input line 6438.
Package hyperref Info: backreferencing OFF on input line 6445.
Package hyperref Info: Link coloring OFF on input line 6450.
Package hyperref Info: Link coloring with OCG OFF on input line 6455.
Package hyperref Info: PDF/A mode OFF on input line 6460.
LaTeX Info: Redefining \ref on input line 6500.
LaTeX Info: Redefining \pageref on input line 6504.
\Hy@abspage=\count280

Package hyperref Message: Stopped early.

)
Package hyperref Info: Driver (autodetected): hpdftex.
(/usr/local/texlive/2020/texmf-dist/tex/latex/hyperref/hpdftex.def
File: hpdftex.def 2020/01/14 v7.00d Hyperref driver for pdfTeX
(/usr/local/texlive/2020/texmf-dist/tex/latex/atveryend/atveryend.sty
Package: atveryend 2019-12-11 v1.11 Hooks at the very end of document (HO)
)
\Fld@listcount=\count281
\c@bookmark@seq@number=\count282

(/usr/local/texlive/2020/texmf-dist/tex/latex/rerunfilecheck/rerunfilecheck.sty
Package: rerunfilecheck 2019/12/05 v1.9 Rerun checks for auxiliary files (HO)

(/usr/local/texlive/2020/texmf-dist/tex/generic/uniquecounter/uniquecounter.sty
Package: uniquecounter 2019/12/15 v1.4 Provide unlimited unique counter (HO)
)
Package uniquecounter Info: New unique counter `rerunfilecheck' on input line 2
86.
)) (/usr/local/texlive/2020/texmf-dist/tex/latex/beamer/beamerbaserequires.sty
(/usr/local/texlive/2020/texmf-dist/tex/latex/beamer/beamerbasecompatibility.st
y) (/usr/local/texlive/2020/texmf-dist/tex/latex/beamer/beamerbasefont.sty (/us
r/local/texlive/2020/texmf-dist/tex/latex/amsfonts/amssymb.sty
Package: amssymb 2013/01/14 v3.01 AMS font symbols
(/usr/local/texlive/2020/texmf-dist/tex/latex/amsfonts/amsfonts.sty
Package: amsfonts 2013/01/14 v3.01 Basic AMSFonts support
\@emptytoks=\toks27
\symAMSa=\mathgroup4
\symAMSb=\mathgroup5
LaTeX Font Info:    Redeclaring math symbol \hbar on input line 98.
LaTeX Font Info:    Overwriting math alphabet `\mathfrak' in version `bold'
(Font)                  U/euf/m/n --> U/euf/b/n on input line 106.
))
(/usr/local/texlive/2020/texmf-dist/tex/latex/sansmathaccent/sansmathaccent.sty
Package: sansmathaccent 2020/01/31
(/usr/local/texlive/2020/texmf-dist/tex/latex/koma-script/scrlfile.sty
Package: scrlfile 2020/01/24 v3.29 KOMA-Script package (loading files)
))) (/usr/local/texlive/2020/texmf-dist/tex/latex/beamer/beamerbasetranslator.s
ty (/usr/local/texlive/2020/texmf-dist/tex/latex/translator/translator.sty
Package: translator 2019-05-31 v1.12a Easy translation of strings in LaTeX
)) (/usr/local/texlive/2020/texmf-dist/tex/latex/beamer/beamerbasemisc.sty) (/u
sr/local/texlive/2020/texmf-dist/tex/latex/beamer/beamerbasetwoscreens.sty) (/u
sr/local/texlive/2020/texmf-dist/tex/latex/beamer/beamerbaseoverlay.sty
\beamer@argscount=\count283
\beamer@lastskipcover=\skip50
\beamer@trivlistdepth=\count284
) (/usr/local/texlive/2020/texmf-dist/tex/latex/beamer/beamerbasetitle.sty) (/u
sr/local/texlive/2020/texmf-dist/tex/latex/beamer/beamerbasesection.sty
\c@lecture=\count285
\c@part=\count286
\c@section=\count287
\c@subsection=\count288
\c@subsubsection=\count289
) (/usr/local/texlive/2020/texmf-dist/tex/latex/beamer/beamerbaseframe.sty
\beamer@framebox=\box60
\beamer@frametitlebox=\box61
\beamer@zoombox=\box62
\beamer@zoomcount=\count290
\beamer@zoomframecount=\count291
\beamer@frametextheight=\dimen257
\c@subsectionslide=\count292
\beamer@frametopskip=\skip51
\beamer@framebottomskip=\skip52
\beamer@frametopskipautobreak=\skip53
\beamer@framebottomskipautobreak=\skip54
\beamer@envbody=\toks28
\framewidth=\dimen258
\c@framenumber=\count293
) (/usr/local/texlive/2020/texmf-dist/tex/latex/beamer/beamerbaseverbatim.sty
\beamer@verbatimfileout=\write4
) (/usr/local/texlive/2020/texmf-dist/tex/latex/beamer/beamerbaseframesize.sty
\beamer@splitbox=\box63
\beamer@autobreakcount=\count294
\beamer@autobreaklastheight=\dimen259
\beamer@frametitletoks=\toks29
\beamer@framesubtitletoks=\toks30
)
(/usr/local/texlive/2020/texmf-dist/tex/latex/beamer/beamerbaseframecomponents.
sty
\beamer@footins=\box64
) (/usr/local/texlive/2020/texmf-dist/tex/latex/beamer/beamerbasecolor.sty) (/u
sr/local/texlive/2020/texmf-dist/tex/latex/beamer/beamerbasenotes.sty
\beamer@frameboxcopy=\box65
) (/usr/local/texlive/2020/texmf-dist/tex/latex/beamer/beamerbasetoc.sty) (/usr
/local/texlive/2020/texmf-dist/tex/latex/beamer/beamerbasetemplates.sty
\beamer@sbttoks=\toks31

(/usr/local/texlive/2020/texmf-dist/tex/latex/beamer/beamerbaseauxtemplates.sty
(/usr/local/texlive/2020/texmf-dist/tex/latex/beamer/beamerbaseboxes.sty
\bmb@box=\box66
\bmb@colorbox=\box67
\bmb@boxshadow=\box68
\bmb@boxshadowball=\box69
\bmb@boxshadowballlarge=\box70
\bmb@temp=\dimen260
\bmb@dima=\dimen261
\bmb@dimb=\dimen262
\bmb@prevheight=\dimen263
)
\beamer@blockheadheight=\dimen264
))
(/usr/local/texlive/2020/texmf-dist/tex/latex/beamer/beamerbaselocalstructure.s
ty (/usr/local/texlive/2020/texmf-dist/tex/latex/tools/enumerate.sty
Package: enumerate 2015/07/23 v3.00 enumerate extensions (DPC)
\@enLab=\toks32
)
\c@figure=\count295
\c@table=\count296
\abovecaptionskip=\skip55
\belowcaptionskip=\skip56
) (/usr/local/texlive/2020/texmf-dist/tex/latex/beamer/beamerbasenavigation.sty
\beamer@section@min@dim=\dimen265
) (/usr/local/texlive/2020/texmf-dist/tex/latex/beamer/beamerbasetheorems.sty (
/usr/local/texlive/2020/texmf-dist/tex/latex/amsmath/amsmath.sty
Package: amsmath 2020/01/20 v2.17e AMS math features
\@mathmargin=\skip57
For additional information on amsmath, use the `?' option.
(/usr/local/texlive/2020/texmf-dist/tex/latex/amsmath/amstext.sty
Package: amstext 2000/06/29 v2.01 AMS text
(/usr/local/texlive/2020/texmf-dist/tex/latex/amsmath/amsgen.sty
File: amsgen.sty 1999/11/30 v2.0 generic functions
\@emptytoks=\toks33
\ex@=\dimen266
)) (/usr/local/texlive/2020/texmf-dist/tex/latex/amsmath/amsbsy.sty
Package: amsbsy 1999/11/29 v1.2d Bold Symbols
\pmbraise@=\dimen267
) (/usr/local/texlive/2020/texmf-dist/tex/latex/amsmath/amsopn.sty
Package: amsopn 2016/03/08 v2.02 operator names
)
\inf@bad=\count297
LaTeX Info: Redefining \frac on input line 227.
\uproot@=\count298
\leftroot@=\count299
LaTeX Info: Redefining \overline on input line 389.
\classnum@=\count300
\DOTSCASE@=\count301
LaTeX Info: Redefining \ldots on input line 486.
LaTeX Info: Redefining \dots on input line 489.
LaTeX Info: Redefining \cdots on input line 610.
\Mathstrutbox@=\box71
\strutbox@=\box72
\big@size=\dimen268
LaTeX Font Info:    Redeclaring font encoding OML on input line 733.
LaTeX Font Info:    Redeclaring font encoding OMS on input line 734.
\macc@depth=\count302
\c@MaxMatrixCols=\count303
\dotsspace@=\muskip17
\c@parentequation=\count304
\dspbrk@lvl=\count305
\tag@help=\toks34
\row@=\count306
\column@=\count307
\maxfields@=\count308
\andhelp@=\toks35
\eqnshift@=\dimen269
\alignsep@=\dimen270
\tagshift@=\dimen271
\tagwidth@=\dimen272
\totwidth@=\dimen273
\lineht@=\dimen274
\@envbody=\toks36
\multlinegap=\skip58
\multlinetaggap=\skip59
\mathdisplay@stack=\toks37
LaTeX Info: Redefining \[ on input line 2859.
LaTeX Info: Redefining \] on input line 2860.
) (/usr/local/texlive/2020/texmf-dist/tex/latex/amscls/amsthm.sty
Package: amsthm 2017/10/31 v2.20.4
\thm@style=\toks38
\thm@bodyfont=\toks39
\thm@headfont=\toks40
\thm@notefont=\toks41
\thm@headpunct=\toks42
\thm@preskip=\skip60
\thm@postskip=\skip61
\thm@headsep=\skip62
\dth@everypar=\toks43
)
\c@theorem=\count309
) (/usr/local/texlive/2020/texmf-dist/tex/latex/beamer/beamerbasethemes.sty)) (
/usr/local/texlive/2020/texmf-dist/tex/latex/beamer/beamerthemedefault.sty
(/usr/local/texlive/2020/texmf-dist/tex/latex/beamer/beamerfontthemedefault.sty
)
(/usr/local/texlive/2020/texmf-dist/tex/latex/beamer/beamercolorthemedefault.st
y)
(/usr/local/texlive/2020/texmf-dist/tex/latex/beamer/beamerinnerthemedefault.st
y
\beamer@dima=\dimen275
\beamer@dimb=\dimen276
)
(/usr/local/texlive/2020/texmf-dist/tex/latex/beamer/beamerouterthemedefault.st
y))) (/usr/local/texlive/2020/texmf-dist/tex/latex/pgf/utilities/pgfpages.sty
Package: pgfpages 2011/01/05 ver 0.02
(/usr/local/texlive/2020/texmf-dist/tex/latex/tools/calc.sty
Package: calc 2017/05/25 v4.3 Infix arithmetic (KKT,FJ)
\calc@Acount=\count310
\calc@Bcount=\count311
\calc@Adimen=\dimen277
\calc@Bdimen=\dimen278
\calc@Askip=\skip63
\calc@Bskip=\skip64
LaTeX Info: Redefining \setlength on input line 80.
LaTeX Info: Redefining \addtolength on input line 81.
\calc@Ccount=\count312
\calc@Cskip=\skip65
)
\pgf@logicalpages=\count313
\pgf@firstshipout=\count314
\pgf@lastshipout=\count315
\pgf@currentshipout=\count316
\pgf@cpn=\count317
\pgf@shipoutnextto=\count318
\pgfphysicalheight=\dimen279
\pgfphysicalwidth=\dimen280
\pgfpages@shipoutbox=\box73
) (/usr/local/texlive/2020/texmf-dist/tex/latex/lm/lmodern.sty
Package: lmodern 2009/10/30 v1.6 Latin Modern Fonts
LaTeX Font Info:    Overwriting symbol font `operators' in version `normal'
(Font)                  OT1/cmr/m/n --> OT1/lmr/m/n on input line 22.
LaTeX Font Info:    Overwriting symbol font `letters' in version `normal'
(Font)                  OML/cmm/m/it --> OML/lmm/m/it on input line 23.
LaTeX Font Info:    Overwriting symbol font `symbols' in version `normal'
(Font)                  OMS/cmsy/m/n --> OMS/lmsy/m/n on input line 24.
LaTeX Font Info:    Overwriting symbol font `largesymbols' in version `normal'
(Font)                  OMX/cmex/m/n --> OMX/lmex/m/n on input line 25.
LaTeX Font Info:    Overwriting symbol font `operators' in version `bold'
(Font)                  OT1/cmr/bx/n --> OT1/lmr/bx/n on input line 26.
LaTeX Font Info:    Overwriting symbol font `letters' in version `bold'
(Font)                  OML/cmm/b/it --> OML/lmm/b/it on input line 27.
LaTeX Font Info:    Overwriting symbol font `symbols' in version `bold'
(Font)                  OMS/cmsy/b/n --> OMS/lmsy/b/n on input line 28.
LaTeX Font Info:    Overwriting symbol font `largesymbols' in version `bold'
(Font)                  OMX/cmex/m/n --> OMX/lmex/m/n on input line 29.
LaTeX Font Info:    Overwriting math alphabet `\mathbf' in version `normal'
(Font)                  OT1/cmr/bx/n --> OT1/lmr/bx/n on input line 31.
LaTeX Font Info:    Overwriting math alphabet `\mathsf' in version `normal'
(Font)                  OT1/cmss/m/n --> OT1/lmss/m/n on input line 32.
LaTeX Font Info:    Overwriting math alphabet `\mathit' in version `normal'
(Font)                  OT1/cmr/m/it --> OT1/lmr/m/it on input line 33.
LaTeX Font Info:    Overwriting math alphabet `\mathtt' in version `normal'
(Font)                  OT1/cmtt/m/n --> OT1/lmtt/m/n on input line 34.
LaTeX Font Info:    Overwriting math alphabet `\mathbf' in version `bold'
(Font)                  OT1/cmr/bx/n --> OT1/lmr/bx/n on input line 35.
LaTeX Font Info:    Overwriting math alphabet `\mathsf' in version `bold'
(Font)                  OT1/cmss/bx/n --> OT1/lmss/bx/n on input line 36.
LaTeX Font Info:    Overwriting math alphabet `\mathit' in version `bold'
(Font)                  OT1/cmr/bx/it --> OT1/lmr/bx/it on input line 37.
LaTeX Font Info:    Overwriting math alphabet `\mathtt' in version `bold'
(Font)                  OT1/cmtt/m/n --> OT1/lmtt/m/n on input line 38.
) (/usr/local/texlive/2020/texmf-dist/tex/latex/base/fontenc.sty
Package: fontenc 2020/02/11 v2.0o Standard LaTeX package
LaTeX Font Info:    Trying to load font information for T1+lmss on input line 1
12.
(/usr/local/texlive/2020/texmf-dist/tex/latex/lm/t1lmss.fd
File: t1lmss.fd 2009/10/30 v1.6 Font defs for Latin Modern
)) (/usr/local/texlive/2020/texmf-dist/tex/latex/base/inputenc.sty
Package: inputenc 2018/08/11 v1.3c Input encoding file
\inpenc@prehook=\toks44
\inpenc@posthook=\toks45
) (/usr/local/texlive/2020/texmf-dist/tex/latex/base/textcomp.sty
Package: textcomp 2020/02/02 v2.0n Standard LaTeX package
) (/usr/local/texlive/2020/texmf-dist/tex/latex/beamer/beamerfontthemeserif.sty
) (/usr/local/texlive/2020/texmf-dist/tex/latex/upquote/upquote.sty
Package: upquote 2012/04/19 v1.3 upright-quote and grave-accent glyphs in verba
tim
) (/usr/local/texlive/2020/texmf-dist/tex/latex/microtype/microtype.sty
Package: microtype 2019/11/18 v2.7d Micro-typographical refinements (RS)
\MT@toks=\toks46
\MT@count=\count319
LaTeX Info: Redefining \textls on input line 790.
\MT@outer@kern=\dimen281
LaTeX Info: Redefining \textmicrotypecontext on input line 1354.
\MT@listname@count=\count320
(/usr/local/texlive/2020/texmf-dist/tex/latex/microtype/microtype-pdftex.def
File: microtype-pdftex.def 2019/11/18 v2.7d Definitions specific to pdftex (RS)

LaTeX Info: Redefining \lsstyle on input line 914.
LaTeX Info: Redefining \lslig on input line 914.
\MT@outer@space=\skip66
)
Package microtype Info: Loading configuration file microtype.cfg.
(/usr/local/texlive/2020/texmf-dist/tex/latex/microtype/microtype.cfg
File: microtype.cfg 2019/11/18 v2.7d microtype main configuration file (RS)
)) (/usr/local/texlive/2020/texmf-dist/tex/latex/parskip/parskip.sty
Package: parskip 2020-01-22 v2.0d non-zero parskip adjustments
) (/usr/local/texlive/2020/texmf-dist/tex/latex/xurl/xurl.sty
Package: xurl 2020/01/24 v 0.09 modify URL breaks
) (/usr/local/texlive/2020/texmf-dist/tex/latex/bookmark/bookmark.sty
Package: bookmark 2019/12/03 v1.28 PDF bookmarks (HO)
(/usr/local/texlive/2020/texmf-dist/tex/latex/bookmark/bkm-pdftex.def
File: bkm-pdftex.def 2019/12/03 v1.28 bookmark driver for pdfTeX (HO)
\BKM@id=\count321
))
Package hyperref Info: Option `colorlinks' set `true' on input line 88.
(/usr/local/texlive/2020/texmf-dist/tex/latex/beamer/beamerthemeBoadilla.sty (/
usr/local/texlive/2020/texmf-dist/tex/latex/beamer/beamercolorthemerose.sty)
(/usr/local/texlive/2020/texmf-dist/tex/latex/beamer/beamerinnerthemerounded.st
y)
(/usr/local/texlive/2020/texmf-dist/tex/latex/beamer/beamercolorthemedolphin.st
y)
(/usr/local/texlive/2020/texmf-dist/tex/latex/beamer/beamerouterthemeinfolines.
sty)) (/usr/local/texlive/2020/texmf-dist/tex/latex/leading/leading.sty
Package: leading 2008/12/11 v0.3 Define leading length
) (/usr/local/texlive/2020/texmf-dist/tex/latex/caption/caption.sty
Package: caption 2020/01/03 v3.4h Customizing captions (AR)
(/usr/local/texlive/2020/texmf-dist/tex/latex/caption/caption3.sty
Package: caption3 2020/01/03 v1.8h caption3 kernel (AR)
Package caption3 Info: TeX engine: e-TeX on input line 61.
\captionmargin=\dimen282
\captionmargin@=\dimen283
\captionwidth=\dimen284
\caption@tempdima=\dimen285
\caption@indent=\dimen286
\caption@parindent=\dimen287
\caption@hangindent=\dimen288
Package caption Info: beamer document class detected.
)
\c@caption@flags=\count322
\c@continuedfloat=\count323
Package caption Info: beamer document class.
Package caption Info: hyperref package is loaded.
Package caption Info: Hyperref support is turned off
(caption)             because hyperref has stopped early.
) (/usr/local/texlive/2020/texmf-dist/tex/latex/l3backend/l3backend-pdfmode.def
File: l3backend-pdfmode.def 2020-03-12 L3 backend support: PDF mode
\l__kernel_color_stack_int=\count324
\l__pdf_internal_box=\box74
) (./song_presentation.aux

LaTeX Warning: Label `id' multiply defined.


LaTeX Warning: Label `id' multiply defined.


LaTeX Warning: Label `id' multiply defined.


LaTeX Warning: Label `id' multiply defined.


LaTeX Warning: Label `id' multiply defined.


LaTeX Warning: Label `id' multiply defined.


LaTeX Warning: Label `id' multiply defined.


LaTeX Warning: Label `id' multiply defined.


LaTeX Warning: Label `id' multiply defined.


LaTeX Warning: Label `id' multiply defined.


LaTeX Warning: Label `id' multiply defined.

)
\openout1 = `song_presentation.aux'.

LaTeX Font Info:    Checking defaults for OML/cmm/m/it on input line 122.
LaTeX Font Info:    ... okay on input line 122.
LaTeX Font Info:    Checking defaults for OMS/cmsy/m/n on input line 122.
LaTeX Font Info:    ... okay on input line 122.
LaTeX Font Info:    Checking defaults for OT1/cmr/m/n on input line 122.
LaTeX Font Info:    ... okay on input line 122.
LaTeX Font Info:    Checking defaults for T1/cmr/m/n on input line 122.
LaTeX Font Info:    ... okay on input line 122.
LaTeX Font Info:    Checking defaults for TS1/cmr/m/n on input line 122.
LaTeX Font Info:    ... okay on input line 122.
LaTeX Font Info:    Checking defaults for OMX/cmex/m/n on input line 122.
LaTeX Font Info:    ... okay on input line 122.
LaTeX Font Info:    Checking defaults for U/cmr/m/n on input line 122.
LaTeX Font Info:    ... okay on input line 122.
LaTeX Font Info:    Checking defaults for PD1/pdf/m/n on input line 122.
LaTeX Font Info:    ... okay on input line 122.
LaTeX Font Info:    Checking defaults for PU/pdf/m/n on input line 122.
LaTeX Font Info:    ... okay on input line 122.
LaTeX Font Info:    Trying to load font information for T1+lmr on input line 12
2.
(/usr/local/texlive/2020/texmf-dist/tex/latex/lm/t1lmr.fd
File: t1lmr.fd 2009/10/30 v1.6 Font defs for Latin Modern
)
*geometry* driver: auto-detecting
*geometry* detected driver: pdftex
*geometry* verbose mode - [ preamble ] result:
* driver: pdftex
* paper: custom
* layout: <same size as paper>
* layoutoffset:(h,v)=(0.0pt,0.0pt)
* modes: includehead includefoot 
* h-part:(L,W,R)=(10.95pt, 342.29536pt, 10.95pt)
* v-part:(T,H,B)=(0.0pt, 273.14662pt, 0.0pt)
* \paperwidth=364.19536pt
* \paperheight=273.14662pt
* \textwidth=342.29536pt
* \textheight=244.6939pt
* \oddsidemargin=-61.31999pt
* \evensidemargin=-61.31999pt
* \topmargin=-72.26999pt
* \headheight=14.22636pt
* \headsep=0.0pt
* \topskip=11.0pt
* \footskip=14.22636pt
* \marginparwidth=4.0pt
* \marginparsep=10.0pt
* \columnsep=10.0pt
* \skip\footins=10.0pt plus 4.0pt minus 2.0pt
* \hoffset=0.0pt
* \voffset=0.0pt
* \mag=1000
* \@twocolumnfalse
* \@twosidefalse
* \@mparswitchfalse
* \@reversemarginfalse
* (1in=72.27pt=25.4mm, 1cm=28.453pt)

(/usr/local/texlive/2020/texmf-dist/tex/context/base/mkii/supp-pdf.mkii
[Loading MPS to PDF converter (version 2006.09.02).]
\scratchcounter=\count325
\scratchdimen=\dimen289
\scratchbox=\box75
\nofMPsegments=\count326
\nofMParguments=\count327
\everyMPshowfont=\toks47
\MPscratchCnt=\count328
\MPscratchDim=\dimen290
\MPnumerator=\count329
\makeMPintoPDFobject=\count330
\everyMPtoPDFconversion=\toks48
) (/usr/local/texlive/2020/texmf-dist/tex/latex/epstopdf-pkg/epstopdf-base.sty
Package: epstopdf-base 2020-01-24 v2.11 Base part for package epstopdf
(/usr/local/texlive/2020/texmf-dist/tex/latex/grfext/grfext.sty
Package: grfext 2019/12/03 v1.3 Manage graphics extensions (HO)
)
Package epstopdf-base Info: Redefining graphics rule for `.eps' on input line 4
85.
Package grfext Info: Graphics extension search list:
(grfext)             [.pdf,.png,.jpg,.mps,.jpeg,.jbig2,.jb2,.PDF,.PNG,.JPG,.JPE
G,.JBIG2,.JB2,.eps]
(grfext)             \AppendGraphicsExtensions on input line 504.
(/usr/local/texlive/2020/texmf-dist/tex/latex/latexconfig/epstopdf-sys.cfg
File: epstopdf-sys.cfg 2010/07/13 v1.3 Configuration of (r)epstopdf for TeX Liv
e
)) ABD: EveryShipout initializing macros
\AtBeginShipoutBox=\box76
Package hyperref Info: Link coloring ON on input line 122.
(/usr/local/texlive/2020/texmf-dist/tex/latex/hyperref/nameref.sty
Package: nameref 2019/09/16 v2.46 Cross-referencing by name of section
(/usr/local/texlive/2020/texmf-dist/tex/latex/refcount/refcount.sty
Package: refcount 2019/12/15 v3.6 Data extraction from label references (HO)
)
(/usr/local/texlive/2020/texmf-dist/tex/generic/gettitlestring/gettitlestring.s
ty
Package: gettitlestring 2019/12/15 v1.6 Cleanup title references (HO)
)
\c@section@level=\count331
)
LaTeX Info: Redefining \ref on input line 122.
LaTeX Info: Redefining \pageref on input line 122.
LaTeX Info: Redefining \nameref on input line 122.

(/usr/local/texlive/2020/texmf-dist/tex/latex/translator/translator-basic-dicti
onary-English.dict
Dictionary: translator-basic-dictionary, Language: English 
)
(/usr/local/texlive/2020/texmf-dist/tex/latex/translator/translator-bibliograph
y-dictionary-English.dict
Dictionary: translator-bibliography-dictionary, Language: English 
)
(/usr/local/texlive/2020/texmf-dist/tex/latex/translator/translator-environment
-dictionary-English.dict
Dictionary: translator-environment-dictionary, Language: English 
)
(/usr/local/texlive/2020/texmf-dist/tex/latex/translator/translator-months-dict
ionary-English.dict
Dictionary: translator-months-dictionary, Language: English 
)
(/usr/local/texlive/2020/texmf-dist/tex/latex/translator/translator-numbers-dic
tionary-English.dict
Dictionary: translator-numbers-dictionary, Language: English 
)
(/usr/local/texlive/2020/texmf-dist/tex/latex/translator/translator-theorem-dic
tionary-English.dict
Dictionary: translator-theorem-dictionary, Language: English 
)
LaTeX Info: Redefining \microtypecontext on input line 122.
Package microtype Info: Generating PDF output.
Package microtype Info: Character protrusion enabled (level 2).
Package microtype Info: Using protrusion set `basicmath'.
Package microtype Info: Automatic font expansion enabled (level 2),
(microtype)             stretch: 20, shrink: 20, step: 1, non-selected.
Package microtype Info: Using default expansion set `basictext'.
LaTeX Info: Redefining \showhyphens on input line 122.
Package microtype Info: No adjustment of tracking.
Package microtype Info: No adjustment of interword spacing.
Package microtype Info: No adjustment of character kerning.
(/usr/local/texlive/2020/texmf-dist/tex/latex/microtype/mt-cmr.cfg
File: mt-cmr.cfg 2013/05/19 v2.2 microtype config. file: Computer Modern Roman 
(RS)
)
Package caption Info: Begin \AtBeginDocument code.
Package caption Info: End \AtBeginDocument code.
(./song_presentation.nav) [1

{/usr/local/texlive/2020/texmf-var/fonts/map/pdftex/updmap/pdftex.map}]
<hunter.png, id=27, 1004.0712pt x 1004.0712pt>
File: hunter.png Graphic file (type png)
<use hunter.png>
Package pdftex.def Info: hunter.png  used on input line 153.
(pdftex.def)             Requested size: 112.91483pt x 112.91483pt.
[2

pdfTeX warning (ext4): destination with the same identifier (name{id}) has been
 already used, duplicate ignored

\@EveryShipout@Output ...@Org@Shipout \box \@cclv 
                                                  
l.153 \end{frame}
                  <./hunter.png>]pdfTeX warning (ext4): destination with the sa
me identifier (name{who-am-i}) has been already used, duplicate ignored
<to be read again> 
                   \relax 
l.153 \end{frame}
                 pdfTeX warning (ext4): destination with the same identifier (n
ame{id}) has been already used, duplicate ignored
<to be read again> 
                   \relax 
l.153 \end{frame}
                 
File: hunter.png Graphic file (type png)
<use hunter.png>
Package pdftex.def Info: hunter.png  used on input line 153.
(pdftex.def)             Requested size: 112.91483pt x 112.91483pt.
[3

]pdfTeX warning (ext4): destination with the same identifier (name{who-am-i}) h
as been already used, duplicate ignored
<to be read again> 
                   \relax 
l.153 \end{frame}
                 pdfTeX warning (ext4): destination with the same identifier (n
ame{id}) has been already used, duplicate ignored
<to be read again> 
                   \relax 
l.153 \end{frame}
                 
File: hunter.png Graphic file (type png)
<use hunter.png>
Package pdftex.def Info: hunter.png  used on input line 153.
(pdftex.def)             Requested size: 112.91483pt x 112.91483pt.
[4

]
LaTeX Font Info:    Trying to load font information for OT1+lmr on input line 1
80.
(/usr/local/texlive/2020/texmf-dist/tex/latex/lm/ot1lmr.fd
File: ot1lmr.fd 2009/10/30 v1.6 Font defs for Latin Modern
)
LaTeX Font Info:    Trying to load font information for OML+lmm on input line 1
80.
(/usr/local/texlive/2020/texmf-dist/tex/latex/lm/omllmm.fd
File: omllmm.fd 2009/10/30 v1.6 Font defs for Latin Modern
)
LaTeX Font Info:    Trying to load font information for OMS+lmsy on input line 
180.
(/usr/local/texlive/2020/texmf-dist/tex/latex/lm/omslmsy.fd
File: omslmsy.fd 2009/10/30 v1.6 Font defs for Latin Modern
)
LaTeX Font Info:    Trying to load font information for OMX+lmex on input line 
180.
(/usr/local/texlive/2020/texmf-dist/tex/latex/lm/omxlmex.fd
File: omxlmex.fd 2009/10/30 v1.6 Font defs for Latin Modern
)
LaTeX Font Info:    External font `lmex10' loaded for size
(Font)              <6> on input line 180.
LaTeX Font Info:    External font `lmex10' loaded for size
(Font)              <5> on input line 180.
LaTeX Font Info:    Trying to load font information for U+msa on input line 180
.
(/usr/local/texlive/2020/texmf-dist/tex/latex/amsfonts/umsa.fd
File: umsa.fd 2013/01/14 v3.01 AMS symbols A
) (/usr/local/texlive/2020/texmf-dist/tex/latex/microtype/mt-msa.cfg
File: mt-msa.cfg 2006/02/04 v1.1 microtype config. file: AMS symbols (a) (RS)
)
LaTeX Font Info:    Trying to load font information for U+msb on input line 180
.
(/usr/local/texlive/2020/texmf-dist/tex/latex/amsfonts/umsb.fd
File: umsb.fd 2013/01/14 v3.01 AMS symbols B
) (/usr/local/texlive/2020/texmf-dist/tex/latex/microtype/mt-msb.cfg
File: mt-msb.cfg 2005/06/01 v1.0 microtype config. file: AMS symbols (b) (RS)
) [5

]pdfTeX warning (ext4): destination with the same identifier (name{goals}) has 
been already used, duplicate ignored
<to be read again> 
                   \relax 
l.180 \end{frame}
                  [6

]pdfTeX warning (ext4): destination with the same identifier (name{goals}) has 
been already used, duplicate ignored
<to be read again> 
                   \relax 
l.180 \end{frame}
                  [7

]pdfTeX warning (ext4): destination with the same identifier (name{goals}) has 
been already used, duplicate ignored
<to be read again> 
                   \relax 
l.180 \end{frame}
                  [8

]
LaTeX Font Info:    External font `lmex10' loaded for size
(Font)              <10.95> on input line 201.
LaTeX Font Info:    External font `lmex10' loaded for size
(Font)              <8> on input line 201.
[9

]pdfTeX warning (ext4): destination with the same identifier (name{useful-links
}) has been already used, duplicate ignored
<to be read again> 
                   \relax 
l.201 \end{frame}
                  [10

]pdfTeX warning (ext4): destination with the same identifier (name{useful-links
}) has been already used, duplicate ignored
<to be read again> 
                   \relax 
l.201 \end{frame}
                  [11

]pdfTeX warning (ext4): destination with the same identifier (name{useful-links
}) has been already used, duplicate ignored
<to be read again> 
                   \relax 
l.201 \end{frame}
                  [12

]pdfTeX warning (ext4): destination with the same identifier (name{useful-links
}) has been already used, duplicate ignored
<to be read again> 
                   \relax 
l.201 \end{frame}
                  [13

] [14

] [15

]pdfTeX warning (ext4): destination with the same identifier (name{outline}) ha
s been already used, duplicate ignored
<to be read again> 
                   \relax 
l.229 \end{frame}
                  [16

]pdfTeX warning (ext4): destination with the same identifier (name{outline}) ha
s been already used, duplicate ignored
<to be read again> 
                   \relax 
l.229 \end{frame}
                  [17

]pdfTeX warning (ext4): destination with the same identifier (name{outline}) ha
s been already used, duplicate ignored
<to be read again> 
                   \relax 
l.229 \end{frame}
                  [18

]pdfTeX warning (ext4): destination with the same identifier (name{outline}) ha
s been already used, duplicate ignored
<to be read again> 
                   \relax 
l.229 \end{frame}
                  [19

]pdfTeX warning (ext4): destination with the same identifier (name{outline}) ha
s been already used, duplicate ignored
<to be read again> 
                   \relax 
l.229 \end{frame}
                  [20

]pdfTeX warning (ext4): destination with the same identifier (name{outline}) ha
s been already used, duplicate ignored
<to be read again> 
                   \relax 
l.229 \end{frame}
                  [21

] [22

]pdfTeX warning (ext4): destination with the same identifier (name{id}) has bee
n already used, duplicate ignored
<to be read again> 
                   \relax 
l.270 \end{frame}
                 
<Git-Logo-2Color.png, id=206, 913.4125pt x 381.425pt>
File: Git-Logo-2Color.png Graphic file (type png)
<use Git-Logo-2Color.png>
Package pdftex.def Info: Git-Logo-2Color.png  used on input line 270.
(pdftex.def)             Requested size: 112.9219pt x 47.15419pt.
pdfTeX warning (ext4): destination with the same identifier (name{id}) has been
 already used, duplicate ignored
<to be read again> 
                   \relax 
l.270 \end{frame}
                  [23

 <./Git-Logo-2Color.png>]pdfTeX warning (ext4): destination with the same ident
ifier (name{git}) has been already used, duplicate ignored
<to be read again> 
                   \relax 
l.270 \end{frame}
                 pdfTeX warning (ext4): destination with the same identifier (n
ame{id}) has been already used, duplicate ignored
<to be read again> 
                   \relax 
l.270 \end{frame}
                 
File: Git-Logo-2Color.png Graphic file (type png)
<use Git-Logo-2Color.png>
Package pdftex.def Info: Git-Logo-2Color.png  used on input line 270.
(pdftex.def)             Requested size: 112.9219pt x 47.15419pt.
[24

]pdfTeX warning (ext4): destination with the same identifier (name{git}) has be
en already used, duplicate ignored
<to be read again> 
                   \relax 
l.270 \end{frame}
                 pdfTeX warning (ext4): destination with the same identifier (n
ame{id}) has been already used, duplicate ignored
<to be read again> 
                   \relax 
l.270 \end{frame}
                 
File: Git-Logo-2Color.png Graphic file (type png)
<use Git-Logo-2Color.png>
Package pdftex.def Info: Git-Logo-2Color.png  used on input line 270.
(pdftex.def)             Requested size: 112.9219pt x 47.15419pt.
[25

]pdfTeX warning (ext4): destination with the same identifier (name{git}) has be
en already used, duplicate ignored
<to be read again> 
                   \relax 
l.270 \end{frame}
                 pdfTeX warning (ext4): destination with the same identifier (n
ame{id}) has been already used, duplicate ignored
<to be read again> 
                   \relax 
l.270 \end{frame}
                 
File: Git-Logo-2Color.png Graphic file (type png)
<use Git-Logo-2Color.png>
Package pdftex.def Info: Git-Logo-2Color.png  used on input line 270.
(pdftex.def)             Requested size: 112.9219pt x 47.15419pt.
[26

]pdfTeX warning (ext4): destination with the same identifier (name{git}) has be
en already used, duplicate ignored
<to be read again> 
                   \relax 
l.270 \end{frame}
                 pdfTeX warning (ext4): destination with the same identifier (n
ame{id}) has been already used, duplicate ignored
<to be read again> 
                   \relax 
l.270 \end{frame}
                 
File: Git-Logo-2Color.png Graphic file (type png)
<use Git-Logo-2Color.png>
Package pdftex.def Info: Git-Logo-2Color.png  used on input line 270.
(pdftex.def)             Requested size: 112.9219pt x 47.15419pt.
[27

]pdfTeX warning (ext4): destination with the same identifier (name{id}) has bee
n already used, duplicate ignored
<to be read again> 
                   \relax 
l.315 \end{frame}
                 
File: Git-Logo-2Color.png Graphic file (type png)
<use Git-Logo-2Color.png>
Package pdftex.def Info: Git-Logo-2Color.png  used on input line 315.
(pdftex.def)             Requested size: 112.9219pt x 47.15419pt.
pdfTeX warning (ext4): destination with the same identifier (name{id}) has been
 already used, duplicate ignored
<to be read again> 
                   \relax 
l.315 \end{frame}
                 
Overfull \vbox (33.76984pt too high) detected at line 315
 []

[28

]pdfTeX warning (ext4): destination with the same identifier (name{why-use-git}
) has been already used, duplicate ignored
<to be read again> 
                   \relax 
l.315 \end{frame}
                 pdfTeX warning (ext4): destination with the same identifier (n
ame{id}) has been already used, duplicate ignored
<to be read again> 
                   \relax 
l.315 \end{frame}
                 
File: Git-Logo-2Color.png Graphic file (type png)
<use Git-Logo-2Color.png>
Package pdftex.def Info: Git-Logo-2Color.png  used on input line 315.
(pdftex.def)             Requested size: 112.9219pt x 47.15419pt.

Overfull \vbox (33.76984pt too high) detected at line 315
 []

[29

]pdfTeX warning (ext4): destination with the same identifier (name{why-use-git}
) has been already used, duplicate ignored
<to be read again> 
                   \relax 
l.315 \end{frame}
                 pdfTeX warning (ext4): destination with the same identifier (n
ame{id}) has been already used, duplicate ignored
<to be read again> 
                   \relax 
l.315 \end{frame}
                 
File: Git-Logo-2Color.png Graphic file (type png)
<use Git-Logo-2Color.png>
Package pdftex.def Info: Git-Logo-2Color.png  used on input line 315.
(pdftex.def)             Requested size: 112.9219pt x 47.15419pt.

Overfull \vbox (33.76984pt too high) detected at line 315
 []

[30

]pdfTeX warning (ext4): destination with the same identifier (name{why-use-git}
) has been already used, duplicate ignored
<to be read again> 
                   \relax 
l.315 \end{frame}
                 pdfTeX warning (ext4): destination with the same identifier (n
ame{id}) has been already used, duplicate ignored
<to be read again> 
                   \relax 
l.315 \end{frame}
                 
File: Git-Logo-2Color.png Graphic file (type png)
<use Git-Logo-2Color.png>
Package pdftex.def Info: Git-Logo-2Color.png  used on input line 315.
(pdftex.def)             Requested size: 112.9219pt x 47.15419pt.

Overfull \vbox (33.76984pt too high) detected at line 315
 []

[31

]pdfTeX warning (ext4): destination with the same identifier (name{why-use-git}
) has been already used, duplicate ignored
<to be read again> 
                   \relax 
l.315 \end{frame}
                 pdfTeX warning (ext4): destination with the same identifier (n
ame{id}) has been already used, duplicate ignored
<to be read again> 
                   \relax 
l.315 \end{frame}
                 
File: Git-Logo-2Color.png Graphic file (type png)
<use Git-Logo-2Color.png>
Package pdftex.def Info: Git-Logo-2Color.png  used on input line 315.
(pdftex.def)             Requested size: 112.9219pt x 47.15419pt.

Overfull \vbox (33.76984pt too high) detected at line 315
 []

[32

]pdfTeX warning (ext4): destination with the same identifier (name{why-use-git}
) has been already used, duplicate ignored
<to be read again> 
                   \relax 
l.315 \end{frame}
                 pdfTeX warning (ext4): destination with the same identifier (n
ame{id}) has been already used, duplicate ignored
<to be read again> 
                   \relax 
l.315 \end{frame}
                 
File: Git-Logo-2Color.png Graphic file (type png)
<use Git-Logo-2Color.png>
Package pdftex.def Info: Git-Logo-2Color.png  used on input line 315.
(pdftex.def)             Requested size: 112.9219pt x 47.15419pt.

Overfull \vbox (33.76984pt too high) detected at line 315
 []

[33

]pdfTeX warning (ext4): destination with the same identifier (name{why-use-git}
) has been already used, duplicate ignored
<to be read again> 
                   \relax 
l.315 \end{frame}
                 pdfTeX warning (ext4): destination with the same identifier (n
ame{id}) has been already used, duplicate ignored
<to be read again> 
                   \relax 
l.315 \end{frame}
                 
File: Git-Logo-2Color.png Graphic file (type png)
<use Git-Logo-2Color.png>
Package pdftex.def Info: Git-Logo-2Color.png  used on input line 315.
(pdftex.def)             Requested size: 112.9219pt x 47.15419pt.

Overfull \vbox (33.76984pt too high) detected at line 315
 []

[34

]pdfTeX warning (ext4): destination with the same identifier (name{id}) has bee
n already used, duplicate ignored
<to be read again> 
                   \relax 
l.356 \end{frame}
                 
File: Git-Logo-2Color.png Graphic file (type png)
<use Git-Logo-2Color.png>
Package pdftex.def Info: Git-Logo-2Color.png  used on input line 356.
(pdftex.def)             Requested size: 112.9219pt x 47.15419pt.
pdfTeX warning (ext4): destination with the same identifier (name{id}) has been
 already used, duplicate ignored
<to be read again> 
                   \relax 
l.356 \end{frame}
                  [35

]pdfTeX warning (ext4): destination with the same identifier (name{why-not-to-u
se-git}) has been already used, duplicate ignored
<to be read again> 
                   \relax 
l.356 \end{frame}
                 pdfTeX warning (ext4): destination with the same identifier (n
ame{id}) has been already used, duplicate ignored
<to be read again> 
                   \relax 
l.356 \end{frame}
                 
File: Git-Logo-2Color.png Graphic file (type png)
<use Git-Logo-2Color.png>
Package pdftex.def Info: Git-Logo-2Color.png  used on input line 356.
(pdftex.def)             Requested size: 112.9219pt x 47.15419pt.
[36

]pdfTeX warning (ext4): destination with the same identifier (name{why-not-to-u
se-git}) has been already used, duplicate ignored
<to be read again> 
                   \relax 
l.356 \end{frame}
                 pdfTeX warning (ext4): destination with the same identifier (n
ame{id}) has been already used, duplicate ignored
<to be read again> 
                   \relax 
l.356 \end{frame}
                 
File: Git-Logo-2Color.png Graphic file (type png)
<use Git-Logo-2Color.png>
Package pdftex.def Info: Git-Logo-2Color.png  used on input line 356.
(pdftex.def)             Requested size: 112.9219pt x 47.15419pt.
[37

]pdfTeX warning (ext4): destination with the same identifier (name{why-not-to-u
se-git}) has been already used, duplicate ignored
<to be read again> 
                   \relax 
l.356 \end{frame}
                 pdfTeX warning (ext4): destination with the same identifier (n
ame{id}) has been already used, duplicate ignored
<to be read again> 
                   \relax 
l.356 \end{frame}
                 
File: Git-Logo-2Color.png Graphic file (type png)
<use Git-Logo-2Color.png>
Package pdftex.def Info: Git-Logo-2Color.png  used on input line 356.
(pdftex.def)             Requested size: 112.9219pt x 47.15419pt.
[38

]pdfTeX warning (ext4): destination with the same identifier (name{why-not-to-u
se-git}) has been already used, duplicate ignored
<to be read again> 
                   \relax 
l.356 \end{frame}
                 pdfTeX warning (ext4): destination with the same identifier (n
ame{id}) has been already used, duplicate ignored
<to be read again> 
                   \relax 
l.356 \end{frame}
                 
File: Git-Logo-2Color.png Graphic file (type png)
<use Git-Logo-2Color.png>
Package pdftex.def Info: Git-Logo-2Color.png  used on input line 356.
(pdftex.def)             Requested size: 112.9219pt x 47.15419pt.
[39

]pdfTeX warning (ext4): destination with the same identifier (name{id}) has bee
n already used, duplicate ignored
<to be read again> 
                   \relax 
l.367 \end{frame}
                 
<image_4.png, id=321, 602.25pt x 803.0pt>
File: image_4.png Graphic file (type png)
<use image_4.png>
Package pdftex.def Info: image_4.png  used on input line 367.
(pdftex.def)             Requested size: 150.56212pt x 200.74951pt.
pdfTeX warning (ext4): destination with the same identifier (name{id}) has been
 already used, duplicate ignored
<to be read again> 
                   \relax 
l.367 \end{frame}
                  [40

 <./image_4.png>] [41

]pdfTeX warning (ext4): destination with the same identifier (name{id}) has bee
n already used, duplicate ignored
<to be read again> 
                   \relax 
l.401 \end{frame}
                 
<maxresdefault.jpg, id=338, 1284.8pt x 722.7pt>
File: maxresdefault.jpg Graphic file (type jpg)
<use maxresdefault.jpg>
Package pdftex.def Info: maxresdefault.jpg  used on input line 401.
(pdftex.def)             Requested size: 107.05986pt x 60.22118pt.
pdfTeX warning (ext4): destination with the same identifier (name{id}) has been
 already used, duplicate ignored
<to be read again> 
                   \relax 
l.401 \end{frame}
                  [42

 <./maxresdefault.jpg>]pdfTeX warning (ext4): destination with the same identif
ier (name{github}) has been already used, duplicate ignored
<to be read again> 
                   \relax 
l.401 \end{frame}
                 pdfTeX warning (ext4): destination with the same identifier (n
ame{id}) has been already used, duplicate ignored
<to be read again> 
                   \relax 
l.401 \end{frame}
                 
File: maxresdefault.jpg Graphic file (type jpg)
<use maxresdefault.jpg>
Package pdftex.def Info: maxresdefault.jpg  used on input line 401.
(pdftex.def)             Requested size: 107.05986pt x 60.22118pt.
[43

]pdfTeX warning (ext4): destination with the same identifier (name{github}) has
 been already used, duplicate ignored
<to be read again> 
                   \relax 
l.401 \end{frame}
                 pdfTeX warning (ext4): destination with the same identifier (n
ame{id}) has been already used, duplicate ignored
<to be read again> 
                   \relax 
l.401 \end{frame}
                 
File: maxresdefault.jpg Graphic file (type jpg)
<use maxresdefault.jpg>
Package pdftex.def Info: maxresdefault.jpg  used on input line 401.
(pdftex.def)             Requested size: 107.05986pt x 60.22118pt.
[44

]pdfTeX warning (ext4): destination with the same identifier (name{github}) has
 been already used, duplicate ignored
<to be read again> 
                   \relax 
l.401 \end{frame}
                 pdfTeX warning (ext4): destination with the same identifier (n
ame{id}) has been already used, duplicate ignored
<to be read again> 
                   \relax 
l.401 \end{frame}
                 
File: maxresdefault.jpg Graphic file (type jpg)
<use maxresdefault.jpg>
Package pdftex.def Info: maxresdefault.jpg  used on input line 401.
(pdftex.def)             Requested size: 107.05986pt x 60.22118pt.
[45

]pdfTeX warning (ext4): destination with the same identifier (name{github}) has
 been already used, duplicate ignored
<to be read again> 
                   \relax 
l.401 \end{frame}
                 pdfTeX warning (ext4): destination with the same identifier (n
ame{id}) has been already used, duplicate ignored
<to be read again> 
                   \relax 
l.401 \end{frame}
                 
File: maxresdefault.jpg Graphic file (type jpg)
<use maxresdefault.jpg>
Package pdftex.def Info: maxresdefault.jpg  used on input line 401.
(pdftex.def)             Requested size: 107.05986pt x 60.22118pt.
[46

] [47

]pdfTeX warning (ext4): destination with the same identifier (name{id}) has bee
n already used, duplicate ignored
<to be read again> 
                   \relax 
l.446 \end{frame}
                 
<image_7.jpg, id=379, 702.625pt x 858.20625pt>
File: image_7.jpg Graphic file (type jpg)
<use image_7.jpg>
Package pdftex.def Info: image_7.jpg  used on input line 446.
(pdftex.def)             Requested size: 112.91547pt x 137.91818pt.
pdfTeX warning (ext4): destination with the same identifier (name{id}) has been
 already used, duplicate ignored
<to be read again> 
                   \relax 
l.446 \end{frame}
                 
Overfull \vbox (59.29907pt too high) detected at line 446
 []

[48

 <./image_7.jpg>]pdfTeX warning (ext4): destination with the same identifier (n
ame{project-based-design}) has been already used, duplicate ignored
<to be read again> 
                   \relax 
l.446 \end{frame}
                 pdfTeX warning (ext4): destination with the same identifier (n
ame{id}) has been already used, duplicate ignored
<to be read again> 
                   \relax 
l.446 \end{frame}
                 
File: image_7.jpg Graphic file (type jpg)
<use image_7.jpg>
Package pdftex.def Info: image_7.jpg  used on input line 446.
(pdftex.def)             Requested size: 112.91547pt x 137.91818pt.

Overfull \vbox (59.29907pt too high) detected at line 446
 []

[49

]pdfTeX warning (ext4): destination with the same identifier (name{project-base
d-design}) has been already used, duplicate ignored
<to be read again> 
                   \relax 
l.446 \end{frame}
                 pdfTeX warning (ext4): destination with the same identifier (n
ame{id}) has been already used, duplicate ignored
<to be read again> 
                   \relax 
l.446 \end{frame}
                 
File: image_7.jpg Graphic file (type jpg)
<use image_7.jpg>
Package pdftex.def Info: image_7.jpg  used on input line 446.
(pdftex.def)             Requested size: 112.91547pt x 137.91818pt.

Overfull \vbox (59.29907pt too high) detected at line 446
 []

[50

]pdfTeX warning (ext4): destination with the same identifier (name{project-base
d-design}) has been already used, duplicate ignored
<to be read again> 
                   \relax 
l.446 \end{frame}
                 pdfTeX warning (ext4): destination with the same identifier (n
ame{id}) has been already used, duplicate ignored
<to be read again> 
                   \relax 
l.446 \end{frame}
                 
File: image_7.jpg Graphic file (type jpg)
<use image_7.jpg>
Package pdftex.def Info: image_7.jpg  used on input line 446.
(pdftex.def)             Requested size: 112.91547pt x 137.91818pt.

Overfull \vbox (59.29907pt too high) detected at line 446
 []

[51

]pdfTeX warning (ext4): destination with the same identifier (name{project-base
d-design}) has been already used, duplicate ignored
<to be read again> 
                   \relax 
l.446 \end{frame}
                 pdfTeX warning (ext4): destination with the same identifier (n
ame{id}) has been already used, duplicate ignored
<to be read again> 
                   \relax 
l.446 \end{frame}
                 
File: image_7.jpg Graphic file (type jpg)
<use image_7.jpg>
Package pdftex.def Info: image_7.jpg  used on input line 446.
(pdftex.def)             Requested size: 112.91547pt x 137.91818pt.

Overfull \vbox (59.29907pt too high) detected at line 446
 []

[52

]
\openout4 = `song_presentation.vrb'.

(./song_presentation.vrb
LaTeX Font Info:    Trying to load font information for T1+lmtt on input line 3
1.
(/usr/local/texlive/2020/texmf-dist/tex/latex/lm/t1lmtt.fd
File: t1lmtt.fd 2009/10/30 v1.6 Font defs for Latin Modern
)) [53

] (./song_presentation.vrbpdfTeX warning (ext4): destination with the same iden
tifier (name{my-workflow-starting-a-new-project}) has been already used, duplic
ate ignored
<to be read again> 
                   \relax 
l.2 ...arget{my-workflow-starting-a-new-project}{}
                                                  ) [54

] (./song_presentation.vrbpdfTeX warning (ext4): destination with the same iden
tifier (name{my-workflow-starting-a-new-project}) has been already used, duplic
ate ignored
<to be read again> 
                   \relax 
l.2 ...arget{my-workflow-starting-a-new-project}{}
                                                  ) [55

] (./song_presentation.vrbpdfTeX warning (ext4): destination with the same iden
tifier (name{my-workflow-starting-a-new-project}) has been already used, duplic
ate ignored
<to be read again> 
                   \relax 
l.2 ...arget{my-workflow-starting-a-new-project}{}
                                                  ) [56

] (./song_presentation.vrbpdfTeX warning (ext4): destination with the same iden
tifier (name{my-workflow-starting-a-new-project}) has been already used, duplic
ate ignored
<to be read again> 
                   \relax 
l.2 ...arget{my-workflow-starting-a-new-project}{}
                                                  ) [57

] (./song_presentation.vrbpdfTeX warning (ext4): destination with the same iden
tifier (name{my-workflow-starting-a-new-project}) has been already used, duplic
ate ignored
<to be read again> 
                   \relax 
l.2 ...arget{my-workflow-starting-a-new-project}{}
                                                  ) [58

] (./song_presentation.vrbpdfTeX warning (ext4): destination with the same iden
tifier (name{my-workflow-starting-a-new-project}) has been already used, duplic
ate ignored
<to be read again> 
                   \relax 
l.2 ...arget{my-workflow-starting-a-new-project}{}
                                                  ) [59

]pdfTeX warning (ext4): destination with the same identifier (name{id}) has bee
n already used, duplicate ignored
<to be read again> 
                   \relax 
l.493 \end{frame}
                 
<image_5.jpeg, id=458, 1098.1025pt x 461.725pt>
File: image_5.jpeg Graphic file (type jpg)
<use image_5.jpeg>
Package pdftex.def Info: image_5.jpeg  used on input line 493.
(pdftex.def)             Requested size: 263.48296pt x 110.78807pt.
pdfTeX warning (ext4): destination with the same identifier (name{id}) has been
 already used, duplicate ignored
<to be read again> 
                   \relax 
l.493 \end{frame}
                  [60

 <./image_5.jpeg>] [61

] [62

]
\openout4 = `song_presentation.vrb'.

(./song_presentation.vrb) [63

] (./song_presentation.vrbpdfTeX warning (ext4): destination with the same iden
tifier (name{git-init}) has been already used, duplicate ignored
<to be read again> 
                   \relax 
l.2 \protect\hypertarget{git-init}{}
                                    ) [64

] (./song_presentation.vrbpdfTeX warning (ext4): destination with the same iden
tifier (name{git-init}) has been already used, duplicate ignored
<to be read again> 
                   \relax 
l.2 \protect\hypertarget{git-init}{}
                                    ) [65

] (./song_presentation.vrbpdfTeX warning (ext4): destination with the same iden
tifier (name{git-init}) has been already used, duplicate ignored
<to be read again> 
                   \relax 
l.2 \protect\hypertarget{git-init}{}
                                    ) [66

] (./song_presentation.vrbpdfTeX warning (ext4): destination with the same iden
tifier (name{git-init}) has been already used, duplicate ignored
<to be read again> 
                   \relax 
l.2 \protect\hypertarget{git-init}{}
                                    ) [67

]pdfTeX warning (ext4): destination with the same identifier (name{id}) has bee
n already used, duplicate ignored
<to be read again> 
                   \relax 
l.537 \end{frame}
                 
<image_files.png, id=516, 908.39375pt x 431.6125pt>
File: image_files.png Graphic file (type png)
<use image_files.png>
Package pdftex.def Info: image_files.png  used on input line 537.
(pdftex.def)             Requested size: 285.18913pt x 135.50423pt.
pdfTeX warning (ext4): destination with the same identifier (name{id}) has been
 already used, duplicate ignored
<to be read again> 
                   \relax 
l.537 \end{frame}
                  [68

 <./image_files.png>]
\openout4 = `song_presentation.vrb'.

(./song_presentation.vrb
<image_git_status.png, id=525, 945.5325pt x 395.4775pt>
File: image_git_status.png Graphic file (type png)
<use image_git_status.png>
Package pdftex.def Info: image_git_status.png  used on input line 14.
(pdftex.def)             Requested size: 301.13382pt x 125.95193pt.
) [69

 <./image_git_status.png>] (./song_presentation.vrbpdfTeX warning (ext4): desti
nation with the same identifier (name{git-status}) has been already used, dupli
cate ignored
<to be read again> 
                   \relax 
l.2 \protect\hypertarget{git-status}{}
                                      
File: image_git_status.png Graphic file (type png)
<use image_git_status.png>
Package pdftex.def Info: image_git_status.png  used on input line 14.
(pdftex.def)             Requested size: 301.13382pt x 125.95193pt.
) [70

] (./song_presentation.vrbpdfTeX warning (ext4): destination with the same iden
tifier (name{git-status}) has been already used, duplicate ignored
<to be read again> 
                   \relax 
l.2 \protect\hypertarget{git-status}{}
                                      
File: image_git_status.png Graphic file (type png)
<use image_git_status.png>
Package pdftex.def Info: image_git_status.png  used on input line 14.
(pdftex.def)             Requested size: 301.13382pt x 125.95193pt.
) [71

]
\openout4 = `song_presentation.vrb'.

(./song_presentation.vrb) [72

] (./song_presentation.vrbpdfTeX warning (ext4): destination with the same iden
tifier (name{git-add}) has been already used, duplicate ignored
<to be read again> 
                   \relax 
l.2 \protect\hypertarget{git-add}{}
                                   ) [73

] (./song_presentation.vrbpdfTeX warning (ext4): destination with the same iden
tifier (name{git-add}) has been already used, duplicate ignored
<to be read again> 
                   \relax 
l.2 \protect\hypertarget{git-add}{}
                                   ) [74

] (./song_presentation.vrbpdfTeX warning (ext4): destination with the same iden
tifier (name{git-add}) has been already used, duplicate ignored
<to be read again> 
                   \relax 
l.2 \protect\hypertarget{git-add}{}
                                   ) [75

] (./song_presentation.vrbpdfTeX warning (ext4): destination with the same iden
tifier (name{git-add}) has been already used, duplicate ignored
<to be read again> 
                   \relax 
l.2 \protect\hypertarget{git-add}{}
                                   ) [76

] (./song_presentation.vrbpdfTeX warning (ext4): destination with the same iden
tifier (name{git-add}) has been already used, duplicate ignored
<to be read again> 
                   \relax 
l.2 \protect\hypertarget{git-add}{}
                                   ) [77

]
\openout4 = `song_presentation.vrb'.

(./song_presentation.vrbpdfTeX warning (ext4): destination with the same identi
fier (name{id}) has been already used, duplicate ignored
<to be read again> 
                   \relax 
l.15 }
      
<git_add.png, id=584, 901.3675pt x 255.95625pt>
File: git_add.png Graphic file (type png)
<use git_add.png>
Package pdftex.def Info: git_add.png  used on input line 15.
(pdftex.def)             Requested size: 301.12444pt x 85.5086pt.
pdfTeX warning (ext4): destination with the same identifier (name{id}) has been
 already used, duplicate ignored
<to be read again> 
                   \relax 
l.15 }
      ) [78

 <./git_add.png>]
\openout4 = `song_presentation.vrb'.

(./song_presentation.vrb
<git_commit_push.png, id=593, 866.23625pt x 425.59pt>
File: git_commit_push.png Graphic file (type png)
<use git_commit_push.png>
Package pdftex.def Info: git_commit_push.png  used on input line 11.
(pdftex.def)             Requested size: 301.12527pt x 147.94566pt.
) [79

 <./git_commit_push.png>] (./song_presentation.vrbpdfTeX warning (ext4): destin
ation with the same identifier (name{git-commit-push}) has been already used, d
uplicate ignored
<to be read again> 
                   \relax 
l.2 \protect\hypertarget{git-commit-push}{}
                                           
File: git_commit_push.png Graphic file (type png)
<use git_commit_push.png>
Package pdftex.def Info: git_commit_push.png  used on input line 11.
(pdftex.def)             Requested size: 301.12527pt x 147.94566pt.
) [80

]
\openout4 = `song_presentation.vrb'.

(./song_presentation.vrb) [81

] (./song_presentation.vrbpdfTeX warning (ext4): destination with the same iden
tifier (name{git-remotes}) has been already used, duplicate ignored
<to be read again> 
                   \relax 
l.2 \protect\hypertarget{git-remotes}{}
                                       ) [82

] (./song_presentation.vrbpdfTeX warning (ext4): destination with the same iden
tifier (name{git-remotes}) has been already used, duplicate ignored
<to be read again> 
                   \relax 
l.2 \protect\hypertarget{git-remotes}{}
                                       ) [83

] (./song_presentation.vrbpdfTeX warning (ext4): destination with the same iden
tifier (name{git-remotes}) has been already used, duplicate ignored
<to be read again> 
                   \relax 
l.2 \protect\hypertarget{git-remotes}{}
                                       ) [84

]
\openout4 = `song_presentation.vrb'.

(./song_presentation.vrb) [85

] (./song_presentation.vrbpdfTeX warning (ext4): destination with the same iden
tifier (name{git-remote}) has been already used, duplicate ignored
<to be read again> 
                   \relax 
l.2 \protect\hypertarget{git-remote}{}
                                      ) [86

] (./song_presentation.vrbpdfTeX warning (ext4): destination with the same iden
tifier (name{git-remote}) has been already used, duplicate ignored
<to be read again> 
                   \relax 
l.2 \protect\hypertarget{git-remote}{}
                                      ) [87

] (./song_presentation.vrbpdfTeX warning (ext4): destination with the same iden
tifier (name{git-remote}) has been already used, duplicate ignored
<to be read again> 
                   \relax 
l.2 \protect\hypertarget{git-remote}{}
                                      ) [88

] (./song_presentation.vrbpdfTeX warning (ext4): destination with the same iden
tifier (name{git-remote}) has been already used, duplicate ignored
<to be read again> 
                   \relax 
l.2 \protect\hypertarget{git-remote}{}
                                      ) [89

]
\openout4 = `song_presentation.vrb'.

(./song_presentation.vrb) [90

] (./song_presentation.vrbpdfTeX warning (ext4): destination with the same iden
tifier (name{review}) has been already used, duplicate ignored
<to be read again> 
                   \relax 
l.2 \protect\hypertarget{review}{}
                                  ) [91

] (./song_presentation.vrbpdfTeX warning (ext4): destination with the same iden
tifier (name{review}) has been already used, duplicate ignored
<to be read again> 
                   \relax 
l.2 \protect\hypertarget{review}{}
                                  ) [92

] (./song_presentation.vrbpdfTeX warning (ext4): destination with the same iden
tifier (name{review}) has been already used, duplicate ignored
<to be read again> 
                   \relax 
l.2 \protect\hypertarget{review}{}
                                  ) [93

] (./song_presentation.vrbpdfTeX warning (ext4): destination with the same iden
tifier (name{review}) has been already used, duplicate ignored
<to be read again> 
                   \relax 
l.2 \protect\hypertarget{review}{}
                                  ) [94

] (./song_presentation.vrbpdfTeX warning (ext4): destination with the same iden
tifier (name{review}) has been already used, duplicate ignored
<to be read again> 
                   \relax 
l.2 \protect\hypertarget{review}{}
                                  ) [95

] (./song_presentation.vrbpdfTeX warning (ext4): destination with the same iden
tifier (name{review}) has been already used, duplicate ignored
<to be read again> 
                   \relax 
l.2 \protect\hypertarget{review}{}
                                  ) [96

] [97

] [98

]
\openout4 = `song_presentation.vrb'.

(./song_presentation.vrb) [99

] (./song_presentation.vrbpdfTeX warning (ext4): destination with the same iden
tifier (name{backtracking}) has been already used, duplicate ignored
<to be read again> 
                   \relax 
l.2 \protect\hypertarget{backtracking}{}
                                        ) [100

] (./song_presentation.vrbpdfTeX warning (ext4): destination with the same iden
tifier (name{backtracking}) has been already used, duplicate ignored
<to be read again> 
                   \relax 
l.2 \protect\hypertarget{backtracking}{}
                                        ) [101

] (./song_presentation.vrbpdfTeX warning (ext4): destination with the same iden
tifier (name{backtracking}) has been already used, duplicate ignored
<to be read again> 
                   \relax 
l.2 \protect\hypertarget{backtracking}{}
                                        ) [102

] (./song_presentation.vrbpdfTeX warning (ext4): destination with the same iden
tifier (name{backtracking}) has been already used, duplicate ignored
<to be read again> 
                   \relax 
l.2 \protect\hypertarget{backtracking}{}
                                        ) [103

]
\openout4 = `song_presentation.vrb'.

(./song_presentation.vrb
<git_commits.png, id=761, 816.04875pt x 663.47874pt>
File: git_commits.png Graphic file (type png)
<use git_commits.png>
Package pdftex.def Info: git_commits.png  used on input line 7.
(pdftex.def)             Requested size: 150.55574pt x 122.40755pt.
) [104

 <./git_commits.png>] (./song_presentation.vrbpdfTeX warning (ext4): destinatio
n with the same identifier (name{backtracking-1}) has been already used, duplic
ate ignored
<to be read again> 
                   \relax 
l.2 \protect\hypertarget{backtracking-1}{}
                                          
File: git_commits.png Graphic file (type png)
<use git_commits.png>
Package pdftex.def Info: git_commits.png  used on input line 7.
(pdftex.def)             Requested size: 150.55574pt x 122.40755pt.
) [105

] (./song_presentation.vrbpdfTeX warning (ext4): destination with the same iden
tifier (name{backtracking-1}) has been already used, duplicate ignored
<to be read again> 
                   \relax 
l.2 \protect\hypertarget{backtracking-1}{}
                                          
File: git_commits.png Graphic file (type png)
<use git_commits.png>
Package pdftex.def Info: git_commits.png  used on input line 7.
(pdftex.def)             Requested size: 150.55574pt x 122.40755pt.
) [106

] (./song_presentation.vrbpdfTeX warning (ext4): destination with the same iden
tifier (name{backtracking-1}) has been already used, duplicate ignored
<to be read again> 
                   \relax 
l.2 \protect\hypertarget{backtracking-1}{}
                                          
File: git_commits.png Graphic file (type png)
<use git_commits.png>
Package pdftex.def Info: git_commits.png  used on input line 7.
(pdftex.def)             Requested size: 150.55574pt x 122.40755pt.
) [107

]
\openout4 = `song_presentation.vrb'.

(./song_presentation.vrb
LaTeX Font Info:    External font `lmex10' loaded for size
(Font)              <10> on input line 15.
LaTeX Font Info:    External font `lmex10' loaded for size
(Font)              <7> on input line 15.
) [108

] (./song_presentation.vrbpdfTeX warning (ext4): destination with the same iden
tifier (name{git-overview---backtracking}) has been already used, duplicate ign
ored
<to be read again> 
                   \relax 
l.2 ...\hypertarget{git-overview---backtracking}{}
                                                  ) [109

] (./song_presentation.vrbpdfTeX warning (ext4): destination with the same iden
tifier (name{git-overview---backtracking}) has been already used, duplicate ign
ored
<to be read again> 
                   \relax 
l.2 ...\hypertarget{git-overview---backtracking}{}
                                                  ) [110

] (./song_presentation.vrbpdfTeX warning (ext4): destination with the same iden
tifier (name{git-overview---backtracking}) has been already used, duplicate ign
ored
<to be read again> 
                   \relax 
l.2 ...\hypertarget{git-overview---backtracking}{}
                                                  ) [111

] [112

]
\openout4 = `song_presentation.vrb'.

(./song_presentation.vrb) [113

] (./song_presentation.vrbpdfTeX warning (ext4): destination with the same iden
tifier (name{git-overview---branching}) has been already used, duplicate ignore
d
<to be read again> 
                   \relax 
l.2 ...ect\hypertarget{git-overview---branching}{}
                                                  ) [114

] (./song_presentation.vrbpdfTeX warning (ext4): destination with the same iden
tifier (name{git-overview---branching}) has been already used, duplicate ignore
d
<to be read again> 
                   \relax 
l.2 ...ect\hypertarget{git-overview---branching}{}
                                                  ) [115

] (./song_presentation.vrbpdfTeX warning (ext4): destination with the same iden
tifier (name{git-overview---branching}) has been already used, duplicate ignore
d
<to be read again> 
                   \relax 
l.2 ...ect\hypertarget{git-overview---branching}{}
                                                  ) [116

] (./song_presentation.vrbpdfTeX warning (ext4): destination with the same iden
tifier (name{git-overview---branching}) has been already used, duplicate ignore
d
<to be read again> 
                   \relax 
l.2 ...ect\hypertarget{git-overview---branching}{}
                                                  ) [117

] [118

] [119

]pdfTeX warning (ext4): destination with the same identifier (name{mass-collabo
ration}) has been already used, duplicate ignored
<to be read again> 
                   \relax 
l.801 \end{frame}
                  [120

]pdfTeX warning (ext4): destination with the same identifier (name{mass-collabo
ration}) has been already used, duplicate ignored
<to be read again> 
                   \relax 
l.801 \end{frame}
                  [121

]pdfTeX warning (ext4): destination with the same identifier (name{mass-collabo
ration}) has been already used, duplicate ignored
<to be read again> 
                   \relax 
l.801 \end{frame}
                  [122

]pdfTeX warning (ext4): destination with the same identifier (name{mass-collabo
ration}) has been already used, duplicate ignored
<to be read again> 
                   \relax 
l.801 \end{frame}
                  [123

] [124

]pdfTeX warning (ext4): destination with the same identifier (name{cloning-an-e
xisting-repo}) has been already used, duplicate ignored
<to be read again> 
                   \relax 
l.835 \end{frame}
                  [125

]pdfTeX warning (ext4): destination with the same identifier (name{cloning-an-e
xisting-repo}) has been already used, duplicate ignored
<to be read again> 
                   \relax 
l.835 \end{frame}
                  [126

]pdfTeX warning (ext4): destination with the same identifier (name{cloning-an-e
xisting-repo}) has been already used, duplicate ignored
<to be read again> 
                   \relax 
l.835 \end{frame}
                  [127

]pdfTeX warning (ext4): destination with the same identifier (name{cloning-an-e
xisting-repo}) has been already used, duplicate ignored
<to be read again> 
                   \relax 
l.835 \end{frame}
                  [128

]pdfTeX warning (ext4): destination with the same identifier (name{cloning-an-e
xisting-repo}) has been already used, duplicate ignored
<to be read again> 
                   \relax 
l.835 \end{frame}
                  [129

]pdfTeX warning (ext4): destination with the same identifier (name{cloning-an-e
xisting-repo}) has been already used, duplicate ignored
<to be read again> 
                   \relax 
l.835 \end{frame}
                  [130

]pdfTeX warning (ext4): destination with the same identifier (name{cloning-an-e
xisting-repo}) has been already used, duplicate ignored
<to be read again> 
                   \relax 
l.835 \end{frame}
                  [131

]pdfTeX warning (ext4): destination with the same identifier (name{id}) has bee
n already used, duplicate ignored
<to be read again> 
                   \relax 
l.846 \end{frame}
                 
<git_fork.png, id=961, 1353.055pt x 913.4125pt>
File: git_fork.png Graphic file (type png)
<use git_fork.png>
Package pdftex.def Info: git_fork.png  used on input line 846.
(pdftex.def)             Requested size: 301.12088pt x 203.27893pt.
pdfTeX warning (ext4): destination with the same identifier (name{id}) has been
 already used, duplicate ignored
<to be read again> 
                   \relax 
l.846 \end{frame}
                 
Overfull \vbox (6.19524pt too high) detected at line 846
 []

[132

 <./git_fork.png>]pdfTeX warning (ext4): destination with the same identifier (
name{id}) has been already used, duplicate ignored
<to be read again> 
                   \relax 
l.857 \end{frame}
                 
<image_8.png, id=973, 1071.00125pt x 700.6175pt>
File: image_8.png Graphic file (type png)
<use image_8.png>
Package pdftex.def Info: image_8.png  used on input line 857.
(pdftex.def)             Requested size: 301.1203pt x 196.98404pt.
pdfTeX warning (ext4): destination with the same identifier (name{id}) has been
 already used, duplicate ignored
<to be read again> 
                   \relax 
l.857 \end{frame}
                  [133

 <./image_8.png>] [134

] [135

] [136

] [137

]pdfTeX warning (ext4): destination with the same identifier (name{thank-you}) 
has been already used, duplicate ignored
<to be read again> 
                   \relax 
l.914 \end{frame}
                  [138

]pdfTeX warning (ext4): destination with the same identifier (name{thank-you}) 
has been already used, duplicate ignored
<to be read again> 
                   \relax 
l.914 \end{frame}
                  [139

]pdfTeX warning (ext4): destination with the same identifier (name{thank-you}) 
has been already used, duplicate ignored
<to be read again> 
                   \relax 
l.914 \end{frame}
                  [140

]
\tf@nav=\write5
\openout5 = `song_presentation.nav'.

\tf@toc=\write6
\openout6 = `song_presentation.toc'.

\tf@snm=\write7
\openout7 = `song_presentation.snm'.

Package atveryend Info: Empty hook `BeforeClearDocument' on input line 916.
Package atveryend Info: Empty hook `AfterLastShipout' on input line 916.
(./song_presentation.aux)
Package atveryend Info: Executing hook `AtVeryEndDocument' on input line 916.
Package atveryend Info: Empty hook `AtEndAfterFileList' on input line 916.

LaTeX Warning: There were multiply-defined labels.

 ) 
Here is how much of TeX's memory you used:
 25962 strings out of 480608
 473281 string characters out of 5903631
 756028 words of memory out of 5000000
 40794 multiletter control sequences out of 15000+600000
 583233 words of font info for 87 fonts, out of 8000000 for 9000
 1141 hyphenation exceptions out of 8191
 58i,15n,67p,805b,860s stack positions out of 5000i,500n,10000p,200000b,80000s
{/usr/local/texlive/2020/texmf-dist/fonts/enc/dvips/lm/lm-ec.enc}</usr/local/
texlive/2020/texmf-dist/fonts/type1/public/lm/lmbx10.pfb></usr/local/texlive/20
20/texmf-dist/fonts/type1/public/lm/lmr10.pfb></usr/local/texlive/2020/texmf-di
st/fonts/type1/public/lm/lmr12.pfb></usr/local/texlive/2020/texmf-dist/fonts/ty
pe1/public/lm/lmr6.pfb></usr/local/texlive/2020/texmf-dist/fonts/type1/public/l
m/lmtt10.pfb></usr/local/texlive/2020/texmf-dist/fonts/type1/public/amsfonts/sy
mbols/msam7.pfb>
Output written on song_presentation.pdf (140 pages, 1446399 bytes).
PDF statistics:
 1180 PDF objects out of 1200 (max. 8388607)
 989 compressed objects within 10 object streams
 325 named destinations out of 1000 (max. 500000)
 8402 words of extra memory for PDF output out of 10000 (max. 10000000)

